d:\projectc++\projectforcourse7\projectforcourse7\x64\debug\vc143.pdb
d:\projectc++\projectforcourse7\projectforcourse7\x64\debug\vc143.idb
d:\projectc++\projectforcourse7\projectforcourse7\x64\debug\projectforcourse7.obj
d:\projectc++\projectforcourse7\projectforcourse7\x64\debug\bank.ilk
d:\projectc++\projectforcourse7\projectforcourse7\x64\debug\projectforcourse7.ilk
d:\projectc++\projectforcourse7\x64\debug\bank.pdb
d:\projectc++\projectforcourse7\projectforcourse7\x64\debug\bank.tlog\cl.command.1.tlog
d:\projectc++\projectforcourse7\projectforcourse7\x64\debug\bank.tlog\cl.items.tlog
d:\projectc++\projectforcourse7\projectforcourse7\x64\debug\bank.tlog\cl.read.1.tlog
d:\projectc++\projectforcourse7\projectforcourse7\x64\debug\bank.tlog\cl.write.1.tlog
d:\projectc++\projectforcourse7\projectforcourse7\x64\debug\bank.tlog\link-cvtres.read.1.tlog
d:\projectc++\projectforcourse7\projectforcourse7\x64\debug\bank.tlog\link-cvtres.write.1.tlog
d:\projectc++\projectforcourse7\projectforcourse7\x64\debug\bank.tlog\link-rc.read.1.tlog
d:\projectc++\projectforcourse7\projectforcourse7\x64\debug\bank.tlog\link-rc.write.1.tlog
d:\projectc++\projectforcourse7\projectforcourse7\x64\debug\bank.tlog\link.18896-cvtres.read.1.tlog
d:\projectc++\projectforcourse7\projectforcourse7\x64\debug\bank.tlog\link.18896-cvtres.write.1.tlog
d:\projectc++\projectforcourse7\projectforcourse7\x64\debug\bank.tlog\link.18896-rc.read.1.tlog
d:\projectc++\projectforcourse7\projectforcourse7\x64\debug\bank.tlog\link.18896-rc.write.1.tlog
d:\projectc++\projectforcourse7\projectforcourse7\x64\debug\bank.tlog\link.18896.read.1.tlog
d:\projectc++\projectforcourse7\projectforcourse7\x64\debug\bank.tlog\link.18896.read.2.tlog
d:\projectc++\projectforcourse7\projectforcourse7\x64\debug\bank.tlog\link.18896.write.1.tlog
d:\projectc++\projectforcourse7\projectforcourse7\x64\debug\bank.tlog\link.command.1.tlog
d:\projectc++\projectforcourse7\projectforcourse7\x64\debug\bank.tlog\link.read.1.tlog
d:\projectc++\projectforcourse7\projectforcourse7\x64\debug\bank.tlog\link.read.2.tlog
d:\projectc++\projectforcourse7\projectforcourse7\x64\debug\bank.tlog\link.read.3.tlog
d:\projectc++\projectforcourse7\projectforcourse7\x64\debug\bank.tlog\link.secondary.1.tlog
d:\projectc++\projectforcourse7\projectforcourse7\x64\debug\bank.tlog\link.write.1.tlog
